
> frontend@0.0.0 build
> tsc -b && vite build

src/components/layout/MainLayout.tsx(1,1): error TS6192: All imports in import declaration are unused.
src/features/dashboard/Dashboard.tsx(1,1): error TS6133: 'React' is declared but its value is never read.
src/features/dashboard/Dashboard.tsx(2,32): error TS6133: 'CheckCircle' is declared but its value is never read.
